[ffmpeg] IMAGEIO_FFMPEG_EXE=C:\Users\ASUS\AppData\Local\Programs\Python\Python313\Lib\site-packages\imageio_ffmpeg\binaries\ffmpeg-win-x86_64-v7.1.exe
[STEP 1] Generating images...
[STEP 1] Images complete
STEP 1 time: 0.06s
Running: edge-tts --text Hello world. This is a runtime stabilization test. --write-media gen-v\generated\local-ai\output\_tmp_job\temp\temp_audio
[AUDIO] temp readable: gen-v/generated/local-ai/output/_tmp_job/temp/temp_audio (size=23616)
[AUDIO] copy success -> audio.wav: gen-v/generated/local-ai/output/_tmp_job/audio.wav (size=23616)
[STEP 2] Audio complete
STEP 2 time: 3.25s
[ERROR][STEP 3] Library cublas64_12.dll is not found or cannot be loaded
STEP 3 time: 6.95s
Traceback (most recent call last):
  File "c:\Users\ASUS\OneDrive\Desktop\123\aishorts\hybrid-video\scripts\create_short.py", line 497, in <module>
    main()
    ~~~~^^
  File "c:\Users\ASUS\OneDrive\Desktop\123\aishorts\hybrid-video\scripts\create_short.py", line 452, in main
    _transcribe_to_srt(out_audio, out_srt)
    ~~~~~~~~~~~~~~~~~~^^^^^^^^^^^^^^^^^^^^
  File "c:\Users\ASUS\OneDrive\Desktop\123\aishorts\hybrid-video\scripts\create_short.py", line 175, in _transcribe_to_srt
    segments, _info = model.transcribe(str(audio_wav), beam_size=1, vad_filter=True)
                      ~~~~~~~~~~~~~~~~^^^^^^^^^^^^^^^^^^^^^^^^^^^^^^^^^^^^^^^^^^^^^^
  File "C:\Users\ASUS\AppData\Local\Programs\Python\Python313\Lib\site-packages\faster_whisper\transcribe.py", line 942, in transcribe
    ) = self.detect_language(
        ~~~~~~~~~~~~~~~~~~~~^
        features=features[..., seek:],
        ^^^^^^^^^^^^^^^^^^^^^^^^^^^^^^
        language_detection_segments=language_detection_segments,
        ^^^^^^^^^^^^^^^^^^^^^^^^^^^^^^^^^^^^^^^^^^^^^^^^^^^^^^^^
        language_detection_threshold=language_detection_threshold,
        ^^^^^^^^^^^^^^^^^^^^^^^^^^^^^^^^^^^^^^^^^^^^^^^^^^^^^^^^^^
    )
    ^
  File "C:\Users\ASUS\AppData\Local\Programs\Python\Python313\Lib\site-packages\faster_whisper\transcribe.py", line 1819, in detect_language
    encoder_output = self.encode(
        pad_or_trim(features[..., i : i + self.feature_extractor.nb_max_frames])
    )
  File "C:\Users\ASUS\AppData\Local\Programs\Python\Python313\Lib\site-packages\faster_whisper\transcribe.py", line 1400, in encode
    return self.model.encode(features, to_cpu=to_cpu)
           ~~~~~~~~~~~~~~~~~^^^^^^^^^^^^^^^^^^^^^^^^^
RuntimeError: Library cublas64_12.dll is not found or cannot be loaded
