[ffmpeg] IMAGEIO_FFMPEG_EXE=C:\Users\ASUS\AppData\Local\Programs\Python\Python313\Lib\site-packages\imageio_ffmpeg\binaries\ffmpeg-win-x86_64-v7.1.exe
[STEP 1] Generating images...
[STEP 1] Images complete
STEP 1 time: 0.06s
Running: edge-tts --text Hello world. This is a runtime stabilization test. --write-media gen-v\generated\local-ai\output\_tmp_job\temp\temp_audio
[AUDIO] temp readable: gen-v/generated/local-ai/output/_tmp_job/temp/temp_audio (size=23616)
[AUDIO] copy success -> audio.wav: gen-v/generated/local-ai/output/_tmp_job/audio.wav (size=23616)
[STEP 2] Audio complete
STEP 2 time: 2.75s
[STEP 3] Subtitles complete
STEP 3 time: 12.69s
[ERROR][STEP 4] No module named 'moviepy.editor'
STEP 4 time: 0.85s
Traceback (most recent call last):
  File "c:\Users\ASUS\OneDrive\Desktop\123\aishorts\hybrid-video\scripts\create_short.py", line 499, in <module>
    main()
    ~~~~^^
  File "c:\Users\ASUS\OneDrive\Desktop\123\aishorts\hybrid-video\scripts\create_short.py", line 465, in main
    subtitle_meta = _assemble_video(image_paths, out_audio, out_srt, out_final)
  File "c:\Users\ASUS\OneDrive\Desktop\123\aishorts\hybrid-video\scripts\create_short.py", line 284, in _assemble_video
    from moviepy.editor import (
    ...<4 lines>...
    )
ModuleNotFoundError: No module named 'moviepy.editor'
