[ffmpeg] IMAGEIO_FFMPEG_EXE=C:\Users\ASUS\AppData\Local\Programs\Python\Python313\Lib\site-packages\imageio_ffmpeg\binaries\ffmpeg-win-x86_64-v7.1.exe
[STEP 1] Generating images...
[STEP 1] Images complete
STEP 1 time: 0.06s
Running: edge-tts --text Hello world. This is a runtime stabilization test. --write-media gen-v\generated\local-ai\output\_tmp_job\temp\temp_audio
[AUDIO] temp readable: gen-v/generated/local-ai/output/_tmp_job/temp/temp_audio (size=23616)
[AUDIO] copy success -> audio.wav: gen-v/generated/local-ai/output/_tmp_job/audio.wav (size=23616)
[STEP 2] Audio complete
STEP 2 time: 2.88s
[STEP 3] Subtitles complete
STEP 3 time: 14.16s
[ERROR][STEP 4] 'CompositeVideoClip' object has no attribute 'set_audio'
STEP 4 time: 0.56s
Traceback (most recent call last):
  File "c:\Users\ASUS\OneDrive\Desktop\123\aishorts\hybrid-video\scripts\create_short.py", line 505, in <module>
    main()
    ~~~~^^
  File "c:\Users\ASUS\OneDrive\Desktop\123\aishorts\hybrid-video\scripts\create_short.py", line 471, in main
    subtitle_meta = _assemble_video(image_paths, out_audio, out_srt, out_final)
  File "c:\Users\ASUS\OneDrive\Desktop\123\aishorts\hybrid-video\scripts\create_short.py", line 319, in _assemble_video
    video = concatenate_videoclips(clips, method="compose").set_audio(
            ^^^^^^^^^^^^^^^^^^^^^^^^^^^^^^^^^^^^^^^^^^^^^^^^^^^^^^^^^
AttributeError: 'CompositeVideoClip' object has no attribute 'set_audio'. Did you mean: 'with_audio'?
