[ffmpeg] IMAGEIO_FFMPEG_EXE=C:\Users\ASUS\AppData\Local\Programs\Python\Python313\Lib\site-packages\imageio_ffmpeg\binaries\ffmpeg-win-x86_64-v7.1.exe
[STEP 1] Generating images...
[STEP 1] Images complete
STEP 1 time: 0.07s
Running: edge-tts --text Hello world. This is a runtime stabilization test. --write-media gen-v\generated\local-ai\output\_tmp_job\temp\temp_audio
[AUDIO] temp readable: gen-v/generated/local-ai/output/_tmp_job/temp/temp_audio (size=23616)
[AUDIO] copy success -> audio.wav: gen-v/generated/local-ai/output/_tmp_job/audio.wav (size=23616)
[STEP 2] Audio complete
STEP 2 time: 3.24s
[STEP 3] Subtitles complete
STEP 3 time: 14.26s
[ERROR][STEP 4] got an unexpected keyword argument 'verbose'
STEP 4 time: 1.81s
Traceback (most recent call last):
  File "c:\Users\ASUS\OneDrive\Desktop\123\aishorts\hybrid-video\scripts\create_short.py", line 506, in <module>
    main()
    ~~~~^^
  File "c:\Users\ASUS\OneDrive\Desktop\123\aishorts\hybrid-video\scripts\create_short.py", line 472, in main
    subtitle_meta = _assemble_video(image_paths, out_audio, out_srt, out_final)
  File "c:\Users\ASUS\OneDrive\Desktop\123\aishorts\hybrid-video\scripts\create_short.py", line 363, in _assemble_video
    final.write_videofile(
    ~~~~~~~~~~~~~~~~~~~~~^
        str(out_mp4),
        ^^^^^^^^^^^^^
    ...<6 lines>...
        logger=None,
        ^^^^^^^^^^^^
    )
    ^
  File "C:\Users\ASUS\AppData\Local\Programs\Python\Python313\Lib\site-packages\decorator.py", line 234, in fun
    args, kw = fix(args, kw, sig)
               ~~~^^^^^^^^^^^^^^^
  File "C:\Users\ASUS\AppData\Local\Programs\Python\Python313\Lib\site-packages\decorator.py", line 204, in fix
    ba = sig.bind(*args, **kwargs)
  File "C:\Users\ASUS\AppData\Local\Programs\Python\Python313\Lib\inspect.py", line 3269, in bind
    return self._bind(args, kwargs)
           ~~~~~~~~~~^^^^^^^^^^^^^^
  File "C:\Users\ASUS\AppData\Local\Programs\Python\Python313\Lib\inspect.py", line 3258, in _bind
    raise TypeError(
        'got an unexpected keyword argument {arg!r}'.format(
            arg=next(iter(kwargs))))
TypeError: got an unexpected keyword argument 'verbose'
